<?xml version="1.0" encoding="UTF-8"?>
<!-- Generated by org.testng.reporters.JUnitXMLReporter -->
<testsuite ignored="0" hostname="Aravind" failures="0" tests="5" name="Default test" time="66.307" errors="0" timestamp="2026-06-13T17:00:50 IST">
  <testcase classname="Beldex.Wallet.CreateWalletFlow" name="To_Validate_valid_pin_in_EnterPin_and_invalid_ReEnterPIN_using_4digit" time="13.521"/>
  <testcase classname="Beldex.Wallet.CreateWalletFlow" name="To_Validate_valid_pin_in_EnterPin_and_invalid_ReEnterPIN_using_6digit" time="9.11"/>
  <testcase classname="Beldex.Wallet.CreateWalletFlow" name="To_Validate_valid_Pin_in_Both_EnterPIN_and_ReEnterPIN_using_6digit" time="11.104"/>
  <testcase classname="Beldex.Wallet.CreateWalletFlow" name="To_Validate_valid_Pin_in_Both_EnterPIN_and_ReEnterPIN_using_4digit" time="9.604"/>
  <testcase classname="Beldex.Wallet.CreateWalletFlow" name="To_Validate_whether_enter_values_cleared_while_switching_pin_length" time="8.309"/>
</testsuite> <!-- Default test -->
