<?xml version="1.0" encoding="UTF-8"?>
<!-- Generated by org.testng.reporters.JUnitXMLReporter -->
<testsuite ignored="0" hostname="Aravind" failures="0" tests="4" name="Default test" time="23.966" errors="0" timestamp="2026-06-11T18:02:58 IST">
  <testcase classname="Beldex.Wallet.openingScreen" name="To_validate_OpeningScreen_createWallet_RespondToTouch" time="1.762"/>
  <testcase classname="Beldex.Wallet.openingScreen" name="To_validate_OpeningScreen_UseExistingWallet_RespondToTouch" time="1.846"/>
  <testcase classname="Beldex.Wallet.openingScreen" name="To_Validate_switching_4digitpin_to_6digitpin" time="1.463"/>
  <testcase classname="Beldex.Wallet.openingScreen" name="To_Validate_switching_6digitpin_to_4digitpin" time="0.697"/>
</testsuite> <!-- Default test -->
