<?xml version="1.0" encoding="UTF-8"?>
<testng-results ignored="0" total="5" passed="5" failed="0" skipped="0">
  <reporter-output>
  </reporter-output>
  <suite started-at="2026-06-13T16:59:44 IST" name="Default suite" finished-at="2026-06-13T17:00:50 IST" duration-ms="66307">
    <groups>
    </groups>
    <test started-at="2026-06-13T16:59:44 IST" name="Default test" finished-at="2026-06-13T17:00:50 IST" duration-ms="66307">
      <class name="Beldex.Wallet.CreateWalletFlow">
        <test-method is-config="true" signature="setUp()[pri:0, instance:Beldex.Wallet.CreateWalletFlow@3e78b6a5]" started-at="2026-06-13T16:59:44 IST" name="setUp" finished-at="2026-06-13T16:59:58 IST" duration-ms="13573" status="PASS">
          <reporter-output>
          </reporter-output>
        </test-method> <!-- setUp -->
        <test-method signature="To_Validate_valid_pin_in_EnterPin_and_invalid_ReEnterPIN_using_4digit()[pri:9, instance:Beldex.Wallet.CreateWalletFlow@3e78b6a5]" started-at="2026-06-13T16:59:58 IST" name="To_Validate_valid_pin_in_EnterPin_and_invalid_ReEnterPIN_using_4digit" finished-at="2026-06-13T17:00:11 IST" duration-ms="13521" status="PASS">
          <reporter-output>
          </reporter-output>
        </test-method> <!-- To_Validate_valid_pin_in_EnterPin_and_invalid_ReEnterPIN_using_4digit -->
        <test-method signature="To_Validate_valid_pin_in_EnterPin_and_invalid_ReEnterPIN_using_6digit()[pri:10, instance:Beldex.Wallet.CreateWalletFlow@3e78b6a5]" started-at="2026-06-13T17:00:11 IST" name="To_Validate_valid_pin_in_EnterPin_and_invalid_ReEnterPIN_using_6digit" finished-at="2026-06-13T17:00:20 IST" duration-ms="9110" status="PASS">
          <reporter-output>
          </reporter-output>
        </test-method> <!-- To_Validate_valid_pin_in_EnterPin_and_invalid_ReEnterPIN_using_6digit -->
        <test-method signature="To_Validate_valid_Pin_in_Both_EnterPIN_and_ReEnterPIN_using_6digit()[pri:11, instance:Beldex.Wallet.CreateWalletFlow@3e78b6a5]" started-at="2026-06-13T17:00:20 IST" name="To_Validate_valid_Pin_in_Both_EnterPIN_and_ReEnterPIN_using_6digit" finished-at="2026-06-13T17:00:31 IST" duration-ms="11104" status="PASS">
          <reporter-output>
          </reporter-output>
        </test-method> <!-- To_Validate_valid_Pin_in_Both_EnterPIN_and_ReEnterPIN_using_6digit -->
        <test-method signature="To_Validate_valid_Pin_in_Both_EnterPIN_and_ReEnterPIN_using_4digit()[pri:12, instance:Beldex.Wallet.CreateWalletFlow@3e78b6a5]" started-at="2026-06-13T17:00:31 IST" name="To_Validate_valid_Pin_in_Both_EnterPIN_and_ReEnterPIN_using_4digit" finished-at="2026-06-13T17:00:41 IST" duration-ms="9604" status="PASS">
          <reporter-output>
          </reporter-output>
        </test-method> <!-- To_Validate_valid_Pin_in_Both_EnterPIN_and_ReEnterPIN_using_4digit -->
        <test-method signature="To_Validate_whether_enter_values_cleared_while_switching_pin_length()[pri:13, instance:Beldex.Wallet.CreateWalletFlow@3e78b6a5]" started-at="2026-06-13T17:00:41 IST" name="To_Validate_whether_enter_values_cleared_while_switching_pin_length" finished-at="2026-06-13T17:00:49 IST" duration-ms="8309" status="PASS">
          <reporter-output>
          </reporter-output>
        </test-method> <!-- To_Validate_whether_enter_values_cleared_while_switching_pin_length -->
        <test-method is-config="true" signature="tearDown()[pri:0, instance:Beldex.Wallet.CreateWalletFlow@3e78b6a5]" started-at="2026-06-13T17:00:49 IST" name="tearDown" finished-at="2026-06-13T17:00:50 IST" duration-ms="1020" status="PASS">
          <reporter-output>
          </reporter-output>
        </test-method> <!-- tearDown -->
      </class> <!-- Beldex.Wallet.CreateWalletFlow -->
    </test> <!-- Default test -->
  </suite> <!-- Default suite -->
</testng-results>
