<?xml version="1.0" encoding="UTF-8"?>
<testng-results ignored="0" total="4" passed="4" failed="0" skipped="0">
  <reporter-output>
  </reporter-output>
  <suite started-at="2026-06-12T18:53:18 IST" name="Default suite" finished-at="2026-06-12T18:53:59 IST" duration-ms="40960">
    <groups>
    </groups>
    <test started-at="2026-06-12T18:53:18 IST" name="Default test" finished-at="2026-06-12T18:53:59 IST" duration-ms="40960">
      <class name="Beldex.Wallet.CreateWalletFlow">
        <test-method is-config="true" signature="setUp()[pri:0, instance:Beldex.Wallet.CreateWalletFlow@60db1c0e]" started-at="2026-06-12T18:53:18 IST" name="setUp" finished-at="2026-06-12T18:53:32 IST" duration-ms="13711" status="PASS">
          <reporter-output>
          </reporter-output>
        </test-method> <!-- setUp -->
        <test-method signature="To_Validate_Whether_value_entered_in_pin_is_editable()[pri:5, instance:Beldex.Wallet.CreateWalletFlow@60db1c0e]" started-at="2026-06-12T18:53:32 IST" name="To_Validate_Whether_value_entered_in_pin_is_editable" finished-at="2026-06-12T18:53:40 IST" duration-ms="7971" status="PASS">
          <reporter-output>
          </reporter-output>
        </test-method> <!-- To_Validate_Whether_value_entered_in_pin_is_editable -->
        <test-method signature="To_Validate_Whether_value_entered_in_pin_is_deletable()[pri:6, instance:Beldex.Wallet.CreateWalletFlow@60db1c0e]" started-at="2026-06-12T18:53:40 IST" name="To_Validate_Whether_value_entered_in_pin_is_deletable" finished-at="2026-06-12T18:53:42 IST" duration-ms="2183" status="PASS">
          <reporter-output>
          </reporter-output>
        </test-method> <!-- To_Validate_Whether_value_entered_in_pin_is_deletable -->
        <test-method signature="To_Validate_setuppin_by_Entering_4digitPin_in_enteryour_pin_and_Entering_6digitPin_ReEnter_pin()[pri:7, instance:Beldex.Wallet.CreateWalletFlow@60db1c0e]" started-at="2026-06-12T18:53:42 IST" name="To_Validate_setuppin_by_Entering_4digitPin_in_enteryour_pin_and_Entering_6digitPin_ReEnter_pin" finished-at="2026-06-12T18:53:50 IST" duration-ms="8141" status="PASS">
          <reporter-output>
          </reporter-output>
        </test-method> <!-- To_Validate_setuppin_by_Entering_4digitPin_in_enteryour_pin_and_Entering_6digitPin_ReEnter_pin -->
        <test-method signature="To_Validate_setuppin_by_Entering_6digitPin_in_enteryour_pin_and_Entering_4digitPin_ReEnter_pin()[pri:8, instance:Beldex.Wallet.CreateWalletFlow@60db1c0e]" started-at="2026-06-12T18:53:50 IST" name="To_Validate_setuppin_by_Entering_6digitPin_in_enteryour_pin_and_Entering_4digitPin_ReEnter_pin" finished-at="2026-06-12T18:53:58 IST" duration-ms="7812" status="PASS">
          <reporter-output>
          </reporter-output>
        </test-method> <!-- To_Validate_setuppin_by_Entering_6digitPin_in_enteryour_pin_and_Entering_4digitPin_ReEnter_pin -->
        <test-method is-config="true" signature="tearDown()[pri:0, instance:Beldex.Wallet.CreateWalletFlow@60db1c0e]" started-at="2026-06-12T18:53:58 IST" name="tearDown" finished-at="2026-06-12T18:53:59 IST" duration-ms="1106" status="PASS">
          <reporter-output>
          </reporter-output>
        </test-method> <!-- tearDown -->
      </class> <!-- Beldex.Wallet.CreateWalletFlow -->
    </test> <!-- Default test -->
  </suite> <!-- Default suite -->
</testng-results>
