<?xml version="1.0" encoding="UTF-8"?>
<!-- Generated by org.testng.reporters.JUnitReportReporter -->
<testsuite hostname="Aravind" failures="0" tests="5" name="Beldex.Wallet.CreateWalletFlow" time="51.648" errors="0" timestamp="2026-06-13T17:00:51 IST" skipped="0">
  <testcase classname="Beldex.Wallet.CreateWalletFlow" name="To_Validate_valid_pin_in_EnterPin_and_invalid_ReEnterPIN_using_4digit" time="13.521"/>
  <testcase classname="Beldex.Wallet.CreateWalletFlow" name="To_Validate_valid_pin_in_EnterPin_and_invalid_ReEnterPIN_using_6digit" time="9.110"/>
  <testcase classname="Beldex.Wallet.CreateWalletFlow" name="To_Validate_valid_Pin_in_Both_EnterPIN_and_ReEnterPIN_using_6digit" time="11.104"/>
  <testcase classname="Beldex.Wallet.CreateWalletFlow" name="To_Validate_valid_Pin_in_Both_EnterPIN_and_ReEnterPIN_using_4digit" time="9.604"/>
  <testcase classname="Beldex.Wallet.CreateWalletFlow" name="To_Validate_whether_enter_values_cleared_while_switching_pin_length" time="8.309"/>
</testsuite> <!-- Beldex.Wallet.CreateWalletFlow -->
