<?xml version="1.0" encoding="UTF-8"?>
<!-- Generated by org.testng.reporters.JUnitReportReporter -->
<testsuite hostname="Aravind" failures="0" tests="4" name="Beldex.Wallet.openingScreen" time="27.630" errors="0" timestamp="2026-06-12T18:45:21 IST" skipped="0">
  <testcase classname="Beldex.Wallet.openingScreen" name="To_Validate_Whether_value_entered_in_pin_is_editable" time="8.911"/>
  <testcase classname="Beldex.Wallet.openingScreen" name="To_Validate_Whether_value_entered_in_pin_is_deletable" time="2.178"/>
  <testcase classname="Beldex.Wallet.openingScreen" name="To_Validate_setuppin_by_Entering_4digitPin_in_enteryour_pin_and_Entering_6digitPin_ReEnter_pin" time="8.443"/>
  <testcase classname="Beldex.Wallet.openingScreen" name="To_Validate_setuppin_by_Entering_6digitPin_in_enteryour_pin_and_Entering_4digitPin_ReEnter_pin" time="8.098"/>
</testsuite> <!-- Beldex.Wallet.openingScreen -->
