<?xml version="1.0" encoding="UTF-8"?>
<!-- Generated by org.testng.reporters.JUnitReportReporter -->
<testsuite hostname="Aravind" failures="0" tests="4" name="Beldex.Wallet.CreateWalletFlow" time="26.107" errors="0" timestamp="2026-06-12T18:53:59 IST" skipped="0">
  <testcase classname="Beldex.Wallet.CreateWalletFlow" name="To_Validate_Whether_value_entered_in_pin_is_editable" time="7.971"/>
  <testcase classname="Beldex.Wallet.CreateWalletFlow" name="To_Validate_Whether_value_entered_in_pin_is_deletable" time="2.183"/>
  <testcase classname="Beldex.Wallet.CreateWalletFlow" name="To_Validate_setuppin_by_Entering_4digitPin_in_enteryour_pin_and_Entering_6digitPin_ReEnter_pin" time="8.141"/>
  <testcase classname="Beldex.Wallet.CreateWalletFlow" name="To_Validate_setuppin_by_Entering_6digitPin_in_enteryour_pin_and_Entering_4digitPin_ReEnter_pin" time="7.812"/>
</testsuite> <!-- Beldex.Wallet.CreateWalletFlow -->
